Wrote main
[sched] worker:start id=0
[sched] worker:start id=1
[sched] worker:loop_start id=1
[sched] worker:start id=2
[sched] worker:loop_start id=2
[sched] worker:start id=3
[sched] worker:loop_start id=3
[coro_new] total=139264 base=0x7f93dd696000 mprotect_addr=0x7f93dd697000 mprotect_size=4096
[coro_new] sizeof(TyCoro)=152 coro_size=4096 page=4096
[coro_new] co=0x7f93dd696000 stack_base=0x7f93dd696000 stack_top=0x7f93dd6b7000 guard_end=0x7f93dd697000
[sched] spawn coro=0x7f93dd696000 active=1
[state] op=spawn_enqueue worker=0 coro=0x7f93dd696000 0->0
[sched] enqueue(spawn) coro=0x7f93dd696000 onto worker 0
[sched] shutdown:start active=1
[sched] shutdown:enter_drain active=1
[sched] shutdown:drain_loop_start worker=0 active=1
[sched] shutdown loop: active_coros=1
[state] op=resume worker=0 coro=0x7f93dd696000 0->1
[tramp] entered hi=32659 lo=3714670592
[tramp] co=0x7f93dd696000
[tramp] fn=0x5631a606a570 arena=0x7f93d8a00020 arg=(nil)
[coro_new] total=139264 base=0x7f93dd662000 mprotect_addr=0x7f93dd663000 mprotect_size=4096
[coro_new] sizeof(TyCoro)=152 coro_size=4096 page=4096
[coro_new] co=0x7f93dd662000 stack_base=0x7f93dd662000 stack_top=0x7f93dd683000 guard_end=0x7f93dd663000
[sched] spawn coro=0x7f93dd662000 active=2
[state] op=spawn_enqueue worker=0 coro=0x7f93dd662000 0->0
[sched] enqueue(spawn/shutdown) coro=0x7f93dd662000 onto worker 0
[coro_new] total=139264 base=0x7f93dd640000 mprotect_addr=0x7f93dd641000 mprotect_size=4096
[coro_new] sizeof(TyCoro)=152 coro_size=4096 page=4096
[coro_new] co=0x7f93dd640000 stack_base=0x7f93dd640000 stack_top=0x7f93dd661000 guard_end=0x7f93dd641000
[sched] spawn coro=0x7f93dd640000 active=3
[state] op=spawn_enqueue worker=0 coro=0x7f93dd640000 0->0
[sched] enqueue(spawn/shutdown) coro=0x7f93dd640000 onto worker 0
[coro_new] total=139264 base=0x7f93dd61e000 mprotect_addr=0x7f93dd61f000 mprotect_size=4096
[coro_new] sizeof(TyCoro)=152 coro_size=4096 page=4096
[coro_new] co=0x7f93dd61e000 stack_base=0x7f93dd61e000 stack_top=0x7f93dd63f000 guard_end=0x7f93dd61f000
[sched] spawn coro=0x7f93dd61e000 active=4
[state] op=spawn_enqueue worker=0 coro=0x7f93dd61e000 0->0
[sched] enqueue(spawn/shutdown) coro=0x7f93dd61e000 onto worker 0
[coro_new] total=139264 base=0x7f93d8fda000 mprotect_addr=0x7f93d8fdb000 mprotect_size=4096
[coro_new] sizeof(TyCoro)=152 coro_size=4096 page=4096
[coro_new] co=0x7f93d8fda000 stack_base=0x7f93d8fda000 stack_top=0x7f93d8ffb000 guard_end=0x7f93d8fdb000
[sched] spawn coro=0x7f93d8fda000 active=5
[state] op=spawn_enqueue worker=0 coro=0x7f93d8fda000 0->0
[sched] enqueue(spawn/shutdown) coro=0x7f93d8fda000 onto worker 0
[coro_new] total=139264 base=0x7f93d8fb8000 mprotect_addr=0x7f93d8fb9000 mprotect_size=4096
[coro_new] sizeof(TyCoro)=152 coro_size=4096 page=4096
[coro_new] co=0x7f93d8fb8000 stack_base=0x7f93d8fb8000 stack_top=0x7f93d8fd9000 guard_end=0x7f93d8fb9000
[tramp] fn returned, calling ty_coro_exit
[state] op=coro_exit worker=0 coro=0x7f93d8fda000 1->3
[sched] coro_exit coro=0x7f93d8fda000 active=6 (decrements at coro_free)
[sched] shutdown loop: active_coros=5
[state] op=resume worker=0 coro=0x7f93dd696000 0->1
[state] op=chan_park worker=0 coro=0x7f93dd696000 1->2
[chan] park coro=0x7f93dd696000 on recv_q active=5
[sched] shutdown loop: active_coros=5
[state] op=resume worker=0 coro=0x7f93d8f96000 0->1
[state] op=wake_enqueue worker=0 coro=0x7f93dd696000 2->0
[sched] enqueue(wake) coro=0x7f93dd696000 onto worker 0
[tramp] fn returned, calling ty_coro_exit
[state] op=coro_exit worker=0 coro=0x7f93d8f96000 1->3
[sched] coro_exit coro=0x7f93d8f96000 active=5 (decrements at coro_free)
[sched] shutdown loop: active_coros=4
[state] op=resume worker=0 coro=0x7f93dd696000 0->1
[state] op=chan_park worker=0 coro=0x7f93dd696000 1->2
[chan] park coro=0x7f93dd696000 on recv_q active=4
[sched] shutdown loop: active_coros=4
[state] op=resume worker=0 coro=0x7f93dd61e000 0->1
[tramp] entered hi=32659 lo=3714179072
[tramp] co=0x7f93dd61e000
[tramp] fn=0x5631a606a4c0 arena=0x7f93d7e00020 arg=0x7f93d8a00100
[state] op=io_block_and_yield worker=0 coro=0x7f93dd61e000 1->2
[sched] shutdown loop: active_coros=4
[state] op=resume worker=0 coro=0x7f93dd640000 0->1
[tramp] entered hi=32659 lo=3714318336
[tramp] co=0x7f93dd640000
[tramp] fn=0x5631a606a4c0 arena=0x7f93d8200020 arg=0x7f93d8a000f0
[state] op=external_enqueue worker=-1 coro=0x7f93dd61e000 2->0
[state] op=io_block_and_yield worker=0 coro=0x7f93dd640000 1->2
[sched] shutdown loop: active_coros=4
[state] op=resume worker=0 coro=0x7f93dd61e000 0->1
[state] op=wake_enqueue worker=0 coro=0x7f93dd696000 2->0
[sched] enqueue(wake) coro=0x7f93dd696000 onto worker 0
[tramp] fn returned, calling ty_coro_exit
[state] op=coro_exit worker=0 coro=0x7f93dd61e000 1->3
[sched] coro_exit coro=0x7f93dd61e000 active=4 (decrements at coro_free)
[state] op=external_enqueue worker=-1 coro=0x7f93dd640000 2->0
[sched] shutdown loop: active_coros=3
[state] op=resume worker=0 coro=0x7f93dd640000 0->1
[tramp] fn returned, calling ty_coro_exit
[state] op=coro_exit worker=0 coro=0x7f93dd640000 1->3
[sched] coro_exit coro=0x7f93dd640000 active=3 (decrements at coro_free)
[sched] shutdown loop: active_coros=2
[state] op=resume worker=0 coro=0x7f93dd696000 0->1
[state] op=chan_park worker=0 coro=0x7f93dd696000 1->2
[chan] park coro=0x7f93dd696000 on recv_q active=2
[sched] shutdown loop: active_coros=2
[state] op=resume worker=0 coro=0x7f93dd662000 0->1
[tramp] entered hi=32659 lo=3714457600
[tramp] co=0x7f93dd662000
[tramp] fn=0x5631a606a4c0 arena=0x7f93d8600020 arg=0x7f93d8a000e0
[state] op=io_block_and_yield worker=0 coro=0x7f93dd662000 1->2
[state] op=external_enqueue worker=-1 coro=0x7f93dd662000 2->0
[sched] shutdown loop: active_coros=2
[state] op=resume worker=0 coro=0x7f93dd662000 0->1
[state] op=wake_enqueue worker=0 coro=0x7f93dd696000 2->0
[sched] enqueue(wake) coro=0x7f93dd696000 onto worker 0
[tramp] fn returned, calling ty_coro_exit
[state] op=coro_exit worker=0 coro=0x7f93dd662000 1->3
[sched] coro_exit coro=0x7f93dd662000 active=2 (decrements at coro_free)
[sched] shutdown loop: active_coros=1
[state] op=resume worker=0 coro=0x7f93dd696000 0->1
[state] op=io_block_and_yield worker=0 coro=0x7f93dd696000 1->2
[state] op=external_enqueue worker=-1 coro=0x7f93dd696000 2->0
[sched] shutdown loop: active_coros=1
[state] op=resume worker=0 coro=0x7f93dd696000 0->1
[tramp] fn returned, calling ty_coro_exit
[state] op=coro_exit worker=0 coro=0x7f93dd696000 1->3
[sched] coro_exit coro=0x7f93dd696000 active=1 (decrements at coro_free)
[sched] shutdown:drain_loop_done worker=0
[sched] shutdown:join_workers
[sched] shutdown:done active=0 spawned=7 freed=7 blocked=11 woken=4 deque_retired=0 deque_reclaimed=0 ebr_epoch_advance=4
